<?xml version="1.0" encoding="UTF-8"?>
<!-- Generated by org.testng.reporters.JUnitReportReporter -->
<testsuite hostname="Mathi" failures="0" tests="3" name="advancedSelenium.To_Learn_TestNG" time="24.925" errors="0" timestamp="2023-12-05T19:40:41 IST" skipped="0">
  <testcase classname="advancedSelenium.To_Learn_TestNG" name="cricbuzz" time="6.588">
    <system-out>
      <![CDATA[cricbuzz got executed]]>
    </system-out>
  </testcase> <!-- cricbuzz -->
  <testcase classname="advancedSelenium.To_Learn_TestNG" name="baskinRobbins" time="5.729">
    <system-out>
      <![CDATA[BaskinRobbins got executed]]>
    </system-out>
  </testcase> <!-- baskinRobbins -->
  <testcase classname="advancedSelenium.To_Learn_TestNG" name="amazon" time="12.608">
    <system-out>
      <![CDATA[amazon got executed]]>
    </system-out>
  </testcase> <!-- amazon -->
  <system-out>
    <![CDATA[amazon got executed
BaskinRobbins got executed
cricbuzz got executed]]>
  </system-out>
</testsuite> <!-- advancedSelenium.To_Learn_TestNG -->
