<?xml version="1.0" encoding="UTF-8"?>
<!-- Generated by org.testng.reporters.JUnitReportReporter -->
<testsuite hostname="Mathi" failures="0" tests="3" name="advanced_selenium.ToLoginToActitimeByUsingDataProviderMethod" time="56.893" errors="0" timestamp="2023-09-13T13:15:14 IST" skipped="0">
  <testcase classname="advanced_selenium.ToLoginToActitimeByUsingDataProviderMethod" name="login" time="15.897"/>
  <testcase classname="advanced_selenium.ToLoginToActitimeByUsingDataProviderMethod" name="login" time="21.817"/>
  <testcase classname="advanced_selenium.ToLoginToActitimeByUsingDataProviderMethod" name="login" time="19.179"/>
</testsuite> <!-- advanced_selenium.ToLoginToActitimeByUsingDataProviderMethod -->
