<?xml version="1.0" encoding="UTF-8"?>
<!-- Generated by org.testng.reporters.JUnitReportReporter -->
<testsuite hostname="Mathi" failures="0" tests="1" name="BatchExecution.ToLaunchTesla" time="19.961" errors="0" timestamp="2023-09-12T10:40:30 IST" skipped="0">
  <testcase classname="BatchExecution.ToLaunchTesla" name="launchTesla" time="19.961"/>
</testsuite> <!-- BatchExecution.ToLaunchTesla -->
