<?xml version="1.0" encoding="UTF-8"?>
<!-- Generated by org.testng.reporters.JUnitReportReporter -->
<testsuite hostname="Mathi" failures="0" tests="1" name="advanced_selenium.ConfigureAnnotations" time="0.007" errors="0" timestamp="2023-09-12T12:57:27 IST" skipped="0">
  <testcase classname="advanced_selenium.ConfigureAnnotations" name="TestMethod" time="0.007">
    <system-out>
      <![CDATA[TestMethod got executed]]>
    </system-out>
  </testcase> <!-- TestMethod -->
  <system-out>
    <![CDATA[Before Suite got executed
Before Test got executed
Before Class got executed
Before Method got executed
TestMethod got executed
After Method got executed
After test got executed
@After Suite got executed]]>
  </system-out>
</testsuite> <!-- advanced_selenium.ConfigureAnnotations -->
