<?xml version="1.0" encoding="UTF-8"?>
<!-- Generated by org.testng.reporters.JUnitReportReporter -->
<testsuite hostname="Mathi" failures="0" tests="1" name="BatchExecution.ToLaunchTata" time="8.280" errors="0" timestamp="2023-09-12T10:59:17 IST" skipped="0">
  <testcase classname="BatchExecution.ToLaunchTata" name="launchTata" time="8.280"/>
</testsuite> <!-- BatchExecution.ToLaunchTata -->
