<?xml version="1.0" encoding="UTF-8"?>
<!-- Generated by org.testng.reporters.JUnitReportReporter -->
<testsuite hostname="Mathi" failures="0" tests="2" name="advancedSelenium.Tc_CBC_02" time="42.716" errors="0" timestamp="2023-12-19T15:44:11 IST" skipped="0">
  <testcase classname="advancedSelenium.Tc_CBC_02" name="computers" time="29.262">
    <system-out>
      <![CDATA[navigated to computers page successfully]]>
    </system-out>
  </testcase> <!-- computers -->
  <testcase classname="advancedSelenium.Tc_CBC_02" name="computers" time="13.454">
    <system-out>
      <![CDATA[navigated to computers page successfully]]>
    </system-out>
  </testcase> <!-- computers -->
  <system-out>
    <![CDATA[browser got launched
browser got maximised successfully
browser got launched
browser got maximised successfully
Navigated to welcome page successfully
Navigated to welcome page successfully
Navigated to home page successfully
Navigated to home page successfully
navigated to computers page successfully
Page got logout successfully
browser got closed successfully
Books got opened successfully
Page got logout successfully
browser got closed successfully
browser got launched
browser got maximised successfully
Navigated to welcome page successfully
Navigated to home page successfully
navigated to computers page successfully
Page got logout successfully
browser got closed successfully]]>
  </system-out>
</testsuite> <!-- advancedSelenium.Tc_CBC_02 -->
