<?xml version="1.0" encoding="UTF-8"?>
<!-- Generated by org.testng.reporters.JUnitReportReporter -->
<testsuite hostname="Mathi" failures="0" tests="1" name="BatchExecution.ToLaunchBMW" time="11.971" errors="0" timestamp="2023-12-05T19:25:46 IST" skipped="0">
  <testcase classname="BatchExecution.ToLaunchBMW" name="launchBMW" time="11.971"/>
</testsuite> <!-- BatchExecution.ToLaunchBMW -->
