<?xml version="1.0" encoding="UTF-8"?>
<!-- Generated by org.testng.reporters.JUnitReportReporter -->
<testsuite hostname="Mathi" failures="0" tests="1" name="advancedSelenium.Testcase_006" time="13.184" errors="0" timestamp="2023-12-05T20:09:29 IST" skipped="0">
  <testcase classname="advancedSelenium.Testcase_006" name="jewels" time="13.184">
    <system-out>
      <![CDATA[navigated to jewels page successfully]]>
    </system-out>
  </testcase> <!-- jewels -->
  <system-out>
    <![CDATA[browser got launched
browser got maximised successfully
Navigated to welcome page successfully
Navigated to home page successfully
navigated to jewels page successfully
Page got logout successfully
browser got closed successfully]]>
  </system-out>
</testsuite> <!-- advancedSelenium.Testcase_006 -->
