<?xml version="1.0" encoding="UTF-8"?>
<!-- Generated by org.testng.reporters.JUnitReportReporter -->
<testsuite hostname="Mathi" failures="0" tests="1" name="BatchExecution.ToLaunchPorsche" time="9.964" errors="0" timestamp="2023-09-12T10:59:17 IST" skipped="0">
  <testcase classname="BatchExecution.ToLaunchPorsche" name="launchPorsche" time="9.964"/>
</testsuite> <!-- BatchExecution.ToLaunchPorsche -->
