<?xml version="1.0" encoding="UTF-8"?>
<!-- Generated by org.testng.reporters.JUnitReportReporter -->
<testsuite hostname="Mathi" failures="0" tests="3" name="advanced_selenium.ToLearnDependsOnMultipleMethod" time="0.012" errors="0" timestamp="2023-09-11T12:50:32 IST" skipped="0">
  <testcase classname="advanced_selenium.ToLearnDependsOnMultipleMethod" name="createAccount" time="0.008">
    <system-out>
      <![CDATA[Account created Sucessfully]]>
    </system-out>
  </testcase> <!-- createAccount -->
  <testcase classname="advanced_selenium.ToLearnDependsOnMultipleMethod" name="deleteAccount" time="0.003">
    <system-out>
      <![CDATA[Account deleted Sucessfully]]>
    </system-out>
  </testcase> <!-- deleteAccount -->
  <testcase classname="advanced_selenium.ToLearnDependsOnMultipleMethod" name="editAccount" time="0.001">
    <system-out>
      <![CDATA[Account edited Sucessfully]]>
    </system-out>
  </testcase> <!-- editAccount -->
  <system-out>
    <![CDATA[Account created Sucessfully
Account edited Sucessfully
Account deleted Sucessfully]]>
  </system-out>
</testsuite> <!-- advanced_selenium.ToLearnDependsOnMultipleMethod -->
