<?xml version="1.0" encoding="UTF-8"?>
<!-- Generated by org.testng.reporters.JUnitReportReporter -->
<testsuite hostname="Mathi" failures="0" tests="3" name="advanced_selenium.ToLearnDependsOnMethod" time="0.016" errors="0" timestamp="2023-09-11T12:44:05 IST" skipped="0">
  <testcase classname="advanced_selenium.ToLearnDependsOnMethod" name="deleteAccount" time="0.004">
    <system-out>
      <![CDATA[Account deleted Sucessfully]]>
    </system-out>
  </testcase> <!-- deleteAccount -->
  <testcase classname="advanced_selenium.ToLearnDependsOnMethod" name="createAccount" time="0.007">
    <system-out>
      <![CDATA[Account created Sucessfully]]>
    </system-out>
  </testcase> <!-- createAccount -->
  <testcase classname="advanced_selenium.ToLearnDependsOnMethod" name="editAccount" time="0.005">
    <system-out>
      <![CDATA[Account edited Sucessfully]]>
    </system-out>
  </testcase> <!-- editAccount -->
  <system-out>
    <![CDATA[Account created Sucessfully
Account edited Sucessfully
Account deleted Sucessfully]]>
  </system-out>
</testsuite> <!-- advanced_selenium.ToLearnDependsOnMethod -->
