<?xml version="1.0" encoding="UTF-8"?>
<!-- Generated by org.testng.reporters.JUnitReportReporter -->
<testsuite hostname="Mathi" failures="0" tests="1" name="advanced_selenium.AT_TC_004" time="47.730" errors="0" timestamp="2023-09-13T12:39:25 IST" skipped="0">
  <testcase classname="advanced_selenium.AT_TC_004" name="TestCase001" time="47.730">
    <system-out>
      <![CDATA[TimeTrack page is not displayed]]>
    </system-out>
  </testcase> <!-- TestCase001 -->
  <system-out>
    <![CDATA[Browser got Lanunched
Browser got Maximized
Loginpage displayed Sucessfully
Username TextField is Successfully Accepted Data
Password TextField is Successfully Accepted Data
homepage displayed Sucessfully
reports page is not displayed
Loggedout Successfully
Browser got Lanunched
Browser got Maximized
Loginpage displayed Sucessfully
Username TextField is Successfully Accepted Data
Password TextField is Successfully Accepted Data
homepage displayed Sucessfully
Taskpage is not displayed
Loggedout Successfully
Browser got Lanunched
Browser got Maximized
Loginpage displayed Sucessfully
Username TextField is Successfully Accepted Data
Password TextField is Successfully Accepted Data
homepage displayed Sucessfully
View TimeTrack page is not displayed
Loggedout Successfully
Browser got Lanunched
Browser got Maximized
Loginpage displayed Sucessfully
Username TextField is Successfully Accepted Data
Password TextField is Successfully Accepted Data
homepage displayed Sucessfully
TimeTrack page is not displayed
Loggedout Successfully
Browser got Lanunched
Browser got Maximized]]>
  </system-out>
</testsuite> <!-- advanced_selenium.AT_TC_004 -->
