<?xml version="1.0" encoding="UTF-8"?>
<!-- Generated by org.testng.reporters.JUnitReportReporter -->
<testsuite hostname="Mathi" failures="0" tests="9" name="advancedSelenium.To_Learn_TestNG_InvocationCount" time="93.344" errors="0" timestamp="2024-02-23T15:01:54 IST" skipped="0">
  <testcase classname="advancedSelenium.To_Learn_TestNG_InvocationCount" name="baskinRobbins" time="5.413"/>
  <system-out>
    <![CDATA[BaskinRobbins got executed]]>
  </system-out>
  <testcase classname="advancedSelenium.To_Learn_TestNG_InvocationCount" name="baskinRobbins" time="2.181"/>
  <system-out>
    <![CDATA[BaskinRobbins got executed]]>
  </system-out>
  <testcase classname="advancedSelenium.To_Learn_TestNG_InvocationCount" name="baskinRobbins" time="14.051"/>
  <system-out>
    <![CDATA[BaskinRobbins got executed]]>
  </system-out>
  <testcase classname="advancedSelenium.To_Learn_TestNG_InvocationCount" name="cricbuzz" time="13.418"/>
  <system-out>
    <![CDATA[cricbuzz got executed]]>
  </system-out>
  <testcase classname="advancedSelenium.To_Learn_TestNG_InvocationCount" name="cricbuzz" time="9.376"/>
  <system-out>
    <![CDATA[cricbuzz got executed]]>
  </system-out>
  <testcase classname="advancedSelenium.To_Learn_TestNG_InvocationCount" name="amazon" time="10.600"/>
  <system-out>
    <![CDATA[amazon got executed]]>
  </system-out>
  <testcase classname="advancedSelenium.To_Learn_TestNG_InvocationCount" name="amazon" time="11.537"/>
  <system-out>
    <![CDATA[amazon got executed]]>
  </system-out>
  <testcase classname="advancedSelenium.To_Learn_TestNG_InvocationCount" name="amazon" time="11.287"/>
  <system-out>
    <![CDATA[amazon got executed]]>
  </system-out>
  <testcase classname="advancedSelenium.To_Learn_TestNG_InvocationCount" name="amazon" time="15.481"/>
  <system-out>
    <![CDATA[amazon got executed]]>
  </system-out>
</testsuite> <!-- advancedSelenium.To_Learn_TestNG_InvocationCount -->
