<?xml version="1.0" encoding="UTF-8"?>
<!-- Generated by org.testng.reporters.JUnitReportReporter -->
<testsuite hostname="Mathi" failures="0" tests="2" name="advancedSelenium.Testcase_006_Assertion" time="0.023" errors="0" timestamp="2024-02-23T16:32:35 IST" skipped="0">
  <testcase classname="advancedSelenium.Testcase_006_Assertion" name="jewels" time="0.017"/>
  <system-out/>
  <testcase classname="advancedSelenium.Testcase_006_Assertion" name="m1" time="0.006"/>
  <system-out>
    <![CDATA[Hello from M1]]>
  </system-out>
</testsuite> <!-- advancedSelenium.Testcase_006_Assertion -->
