<?xml version="1.0" encoding="UTF-8"?>
<!-- Generated by org.testng.reporters.JUnitReportReporter -->
<testsuite hostname="Mathi" failures="0" tests="4" name="advancedSelenium.To_Learn_TestNG_DataProvider" time="59.233" errors="0" timestamp="2024-02-12T15:24:39 IST" skipped="0">
  <testcase classname="advancedSelenium.To_Learn_TestNG_DataProvider" name="toLogin" time="14.682"/>
  <system-out/>
  <testcase classname="advancedSelenium.To_Learn_TestNG_DataProvider" name="toLogin" time="6.018"/>
  <system-out/>
  <testcase classname="advancedSelenium.To_Learn_TestNG_DataProvider" name="toLogin" time="27.080"/>
  <system-out/>
  <testcase classname="advancedSelenium.To_Learn_TestNG_DataProvider" name="toLogin" time="11.453"/>
  <system-out/>
</testsuite> <!-- advancedSelenium.To_Learn_TestNG_DataProvider -->
