<?xml version="1.0" encoding="UTF-8"?>
<!-- Generated by org.testng.reporters.JUnitReportReporter -->
<testsuite hostname="Mathi" failures="0" tests="5" name="advanced_selenium.ToLearnTestNg2" time="101.184" errors="0" timestamp="2023-09-11T12:29:17 IST" skipped="1">
  <testcase classname="advanced_selenium.ToLearnTestNg2" name="baskinRobbins" time="21.938">
    <system-out>
      <![CDATA[BaskinRobbins got Executed]]>
    </system-out>
  </testcase> <!-- baskinRobbins -->
  <testcase classname="advanced_selenium.ToLearnTestNg2" name="baskinRobbins" time="20.832">
    <system-out>
      <![CDATA[BaskinRobbins got Executed]]>
    </system-out>
  </testcase> <!-- baskinRobbins -->
  <testcase classname="advanced_selenium.ToLearnTestNg2" name="baskinRobbins" time="21.476">
    <system-out>
      <![CDATA[BaskinRobbins got Executed]]>
    </system-out>
  </testcase> <!-- baskinRobbins -->
  <testcase classname="advanced_selenium.ToLearnTestNg2" name="amazon" time="36.938">
    <system-out>
      <![CDATA[Amazon got Executed]]>
    </system-out>
  </testcase> <!-- amazon -->
  <testcase classname="advanced_selenium.ToLearnTestNg2" name="cricguzz">
    <skipped/>
  </testcase> <!-- cricguzz -->
  <system-out>
    <![CDATA[Amazon got Executed
BaskinRobbins got Executed
BaskinRobbins got Executed
BaskinRobbins got Executed]]>
  </system-out>
</testsuite> <!-- advanced_selenium.ToLearnTestNg2 -->
